[debug] [2022-04-12T15:49:28.551Z] ----------------------------------------------------------------------
[debug] [2022-04-12T15:49:28.554Z] Command:       /home/abhinay/.nvm/versions/node/v16.13.0/bin/node /home/abhinay/.nvm/versions/node/v16.13.0/bin/firebase deploy
[debug] [2022-04-12T15:49:28.555Z] CLI Version:   10.6.0
[debug] [2022-04-12T15:49:28.555Z] Platform:      linux
[debug] [2022-04-12T15:49:28.555Z] Node Version:  v16.13.0
[debug] [2022-04-12T15:49:28.559Z] Time:          Tue Apr 12 2022 21:19:28 GMT+0530 (India Standard Time)
[debug] [2022-04-12T15:49:28.560Z] ----------------------------------------------------------------------
[debug] 
[debug] [2022-04-12T15:49:28.668Z] > command requires scopes: ["email","openid","https://www.googleapis.com/auth/cloudplatformprojects.readonly","https://www.googleapis.com/auth/firebase","https://www.googleapis.com/auth/cloud-platform"]
[debug] [2022-04-12T15:49:28.669Z] > authorizing via signed-in user (mythyosiris@gmail.com)
[debug] [2022-04-12T15:49:28.669Z] [iam] checking project freshtables-5ca16 for permissions ["firebase.projects.get","firebasehosting.sites.update"]
[debug] [2022-04-12T15:49:28.671Z] > refreshing access token with scopes: []
[debug] [2022-04-12T15:49:28.673Z] >>> HTTP REQUEST POST https://www.googleapis.com/oauth2/v3/token  
 <request body omitted>
[debug] [2022-04-12T15:49:38.717Z] [iam] error while checking permissions, command may fail: FirebaseError: Authentication Error: Your credentials are no longer valid. Please run firebase login --reauth

For CI servers and headless environments, generate a new token with firebase login:ci
[debug] [2022-04-12T15:49:38.718Z] > refreshing access token with scopes: []
[debug] [2022-04-12T15:49:38.719Z] >>> HTTP REQUEST POST https://www.googleapis.com/oauth2/v3/token  
 <request body omitted>
[debug] [2022-04-12T15:49:48.731Z] Authentication Error: Your credentials are no longer valid. Please run firebase login --reauth

For CI servers and headless environments, generate a new token with firebase login:ci
[debug] [2022-04-12T15:49:48.733Z] FirebaseError: Authentication Error: Your credentials are no longer valid. Please run firebase login --reauth

For CI servers and headless environments, generate a new token with firebase login:ci
    at invalidCredentialError (/home/abhinay/.nvm/versions/node/v16.13.0/lib/node_modules/firebase-tools/lib/auth.js:145:12)
    at refreshTokens (/home/abhinay/.nvm/versions/node/v16.13.0/lib/node_modules/firebase-tools/lib/auth.js:485:15)
    at processTicksAndRejections (node:internal/process/task_queues:96:5)
    at async Client.getAccessToken (/home/abhinay/.nvm/versions/node/v16.13.0/lib/node_modules/firebase-tools/lib/apiv2.js:147:23)
    at async Client.addAuthHeader (/home/abhinay/.nvm/versions/node/v16.13.0/lib/node_modules/firebase-tools/lib/apiv2.js:138:21)
    at async Client.request (/home/abhinay/.nvm/versions/node/v16.13.0/lib/node_modules/firebase-tools/lib/apiv2.js:94:34)
    at async getFirebaseProject (/home/abhinay/.nvm/versions/node/v16.13.0/lib/node_modules/firebase-tools/lib/management/projects.js:290:21)
    at async getDefaultHostingSite (/home/abhinay/.nvm/versions/node/v16.13.0/lib/node_modules/firebase-tools/lib/getDefaultHostingSite.js:8:21)
    at async requireHostingSite (/home/abhinay/.nvm/versions/node/v16.13.0/lib/node_modules/firebase-tools/lib/requireHostingSite.js:9:18)
    at async Object.fn (/home/abhinay/.nvm/versions/node/v16.13.0/lib/node_modules/firebase-tools/lib/commands/deploy.js:73:9)
    at async /home/abhinay/.nvm/versions/node/v16.13.0/lib/node_modules/firebase-tools/lib/command.js:188:17
[error] 
[error] Error: Failed to get Firebase project freshtables-5ca16. Please make sure the project exists and your account has permission to access it.
[debug] [2022-04-12T15:49:54.915Z] ----------------------------------------------------------------------
[debug] [2022-04-12T15:49:54.918Z] Command:       /home/abhinay/.nvm/versions/node/v16.13.0/bin/node /home/abhinay/.nvm/versions/node/v16.13.0/bin/firebase deploy
[debug] [2022-04-12T15:49:54.919Z] CLI Version:   10.6.0
[debug] [2022-04-12T15:49:54.919Z] Platform:      linux
[debug] [2022-04-12T15:49:54.919Z] Node Version:  v16.13.0
[debug] [2022-04-12T15:49:54.920Z] Time:          Tue Apr 12 2022 21:19:54 GMT+0530 (India Standard Time)
[debug] [2022-04-12T15:49:54.920Z] ----------------------------------------------------------------------
[debug] 
[debug] [2022-04-12T15:49:55.022Z] > command requires scopes: ["email","openid","https://www.googleapis.com/auth/cloudplatformprojects.readonly","https://www.googleapis.com/auth/firebase","https://www.googleapis.com/auth/cloud-platform"]
[debug] [2022-04-12T15:49:55.023Z] > authorizing via signed-in user (mythyosiris@gmail.com)
[debug] [2022-04-12T15:49:55.023Z] [iam] checking project freshtables-5ca16 for permissions ["firebase.projects.get","firebasehosting.sites.update"]
[debug] [2022-04-12T15:49:55.026Z] > refreshing access token with scopes: []
[debug] [2022-04-12T15:49:55.027Z] >>> HTTP REQUEST POST https://www.googleapis.com/oauth2/v3/token  
 <request body omitted>
[debug] [2022-04-12T15:50:05.062Z] [iam] error while checking permissions, command may fail: FirebaseError: Authentication Error: Your credentials are no longer valid. Please run firebase login --reauth

For CI servers and headless environments, generate a new token with firebase login:ci
[debug] [2022-04-12T15:50:05.064Z] > refreshing access token with scopes: []
[debug] [2022-04-12T15:50:05.064Z] >>> HTTP REQUEST POST https://www.googleapis.com/oauth2/v3/token  
 <request body omitted>
[debug] [2022-04-12T15:50:15.079Z] Authentication Error: Your credentials are no longer valid. Please run firebase login --reauth

For CI servers and headless environments, generate a new token with firebase login:ci
[debug] [2022-04-12T15:50:15.082Z] FirebaseError: Authentication Error: Your credentials are no longer valid. Please run firebase login --reauth

For CI servers and headless environments, generate a new token with firebase login:ci
    at invalidCredentialError (/home/abhinay/.nvm/versions/node/v16.13.0/lib/node_modules/firebase-tools/lib/auth.js:145:12)
    at refreshTokens (/home/abhinay/.nvm/versions/node/v16.13.0/lib/node_modules/firebase-tools/lib/auth.js:485:15)
    at processTicksAndRejections (node:internal/process/task_queues:96:5)
    at async Client.getAccessToken (/home/abhinay/.nvm/versions/node/v16.13.0/lib/node_modules/firebase-tools/lib/apiv2.js:147:23)
    at async Client.addAuthHeader (/home/abhinay/.nvm/versions/node/v16.13.0/lib/node_modules/firebase-tools/lib/apiv2.js:138:21)
    at async Client.request (/home/abhinay/.nvm/versions/node/v16.13.0/lib/node_modules/firebase-tools/lib/apiv2.js:94:34)
    at async getFirebaseProject (/home/abhinay/.nvm/versions/node/v16.13.0/lib/node_modules/firebase-tools/lib/management/projects.js:290:21)
    at async getDefaultHostingSite (/home/abhinay/.nvm/versions/node/v16.13.0/lib/node_modules/firebase-tools/lib/getDefaultHostingSite.js:8:21)
    at async requireHostingSite (/home/abhinay/.nvm/versions/node/v16.13.0/lib/node_modules/firebase-tools/lib/requireHostingSite.js:9:18)
    at async Object.fn (/home/abhinay/.nvm/versions/node/v16.13.0/lib/node_modules/firebase-tools/lib/commands/deploy.js:73:9)
    at async /home/abhinay/.nvm/versions/node/v16.13.0/lib/node_modules/firebase-tools/lib/command.js:188:17
[error] 
[error] Error: Failed to get Firebase project freshtables-5ca16. Please make sure the project exists and your account has permission to access it.
[debug] [2022-04-12T15:50:23.771Z] ----------------------------------------------------------------------
[debug] [2022-04-12T15:50:23.774Z] Command:       /home/abhinay/.nvm/versions/node/v16.13.0/bin/node /home/abhinay/.nvm/versions/node/v16.13.0/bin/firebase deploy
[debug] [2022-04-12T15:50:23.775Z] CLI Version:   10.6.0
[debug] [2022-04-12T15:50:23.775Z] Platform:      linux
[debug] [2022-04-12T15:50:23.775Z] Node Version:  v16.13.0
[debug] [2022-04-12T15:50:23.776Z] Time:          Tue Apr 12 2022 21:20:23 GMT+0530 (India Standard Time)
[debug] [2022-04-12T15:50:23.776Z] ----------------------------------------------------------------------
[debug] 
[debug] [2022-04-12T15:50:23.888Z] > command requires scopes: ["email","openid","https://www.googleapis.com/auth/cloudplatformprojects.readonly","https://www.googleapis.com/auth/firebase","https://www.googleapis.com/auth/cloud-platform"]
[debug] [2022-04-12T15:50:23.890Z] > authorizing via signed-in user (mythyosiris@gmail.com)
[debug] [2022-04-12T15:50:23.890Z] [iam] checking project freshtables-5ca16 for permissions ["firebase.projects.get","firebasehosting.sites.update"]
[debug] [2022-04-12T15:50:23.893Z] > refreshing access token with scopes: []
[debug] [2022-04-12T15:50:23.895Z] >>> HTTP REQUEST POST https://www.googleapis.com/oauth2/v3/token  
 <request body omitted>
[debug] [2022-04-12T15:50:33.938Z] [iam] error while checking permissions, command may fail: FirebaseError: Authentication Error: Your credentials are no longer valid. Please run firebase login --reauth

For CI servers and headless environments, generate a new token with firebase login:ci
[debug] [2022-04-12T15:50:33.940Z] > refreshing access token with scopes: []
[debug] [2022-04-12T15:50:33.940Z] >>> HTTP REQUEST POST https://www.googleapis.com/oauth2/v3/token  
 <request body omitted>
[debug] [2022-04-12T15:50:43.955Z] Authentication Error: Your credentials are no longer valid. Please run firebase login --reauth

For CI servers and headless environments, generate a new token with firebase login:ci
[debug] [2022-04-12T15:50:43.960Z] FirebaseError: Authentication Error: Your credentials are no longer valid. Please run firebase login --reauth

For CI servers and headless environments, generate a new token with firebase login:ci
    at invalidCredentialError (/home/abhinay/.nvm/versions/node/v16.13.0/lib/node_modules/firebase-tools/lib/auth.js:145:12)
    at refreshTokens (/home/abhinay/.nvm/versions/node/v16.13.0/lib/node_modules/firebase-tools/lib/auth.js:485:15)
    at processTicksAndRejections (node:internal/process/task_queues:96:5)
    at async Client.getAccessToken (/home/abhinay/.nvm/versions/node/v16.13.0/lib/node_modules/firebase-tools/lib/apiv2.js:147:23)
    at async Client.addAuthHeader (/home/abhinay/.nvm/versions/node/v16.13.0/lib/node_modules/firebase-tools/lib/apiv2.js:138:21)
    at async Client.request (/home/abhinay/.nvm/versions/node/v16.13.0/lib/node_modules/firebase-tools/lib/apiv2.js:94:34)
    at async getFirebaseProject (/home/abhinay/.nvm/versions/node/v16.13.0/lib/node_modules/firebase-tools/lib/management/projects.js:290:21)
    at async getDefaultHostingSite (/home/abhinay/.nvm/versions/node/v16.13.0/lib/node_modules/firebase-tools/lib/getDefaultHostingSite.js:8:21)
    at async requireHostingSite (/home/abhinay/.nvm/versions/node/v16.13.0/lib/node_modules/firebase-tools/lib/requireHostingSite.js:9:18)
    at async Object.fn (/home/abhinay/.nvm/versions/node/v16.13.0/lib/node_modules/firebase-tools/lib/commands/deploy.js:73:9)
    at async /home/abhinay/.nvm/versions/node/v16.13.0/lib/node_modules/firebase-tools/lib/command.js:188:17
[error] 
[error] Error: Failed to get Firebase project freshtables-5ca16. Please make sure the project exists and your account has permission to access it.
